

*******************************************************************************
Thu Oct 27 18:18:09 2011


FIT:    data read from './ha_6543_test_sorted' using 2:1
        format = x:z
        #datapoints = 1003
        residuals are weighted equally (unit weight)

function used for fitting: f(x)
fitted parameters initialized with current variable values



 Iteration 0
 WSSR        : 1.03256e+06       delta(WSSR)/WSSR   : 0
 delta(WSSR) : 0                 limit for stopping : 1e-05
 lambda	  : 161.799

initial set of free parameter values

n               = 3284
mu              = 303.2
sigma           = 6.064

After 4 iterations the fit converged.
final sum of squares of residuals : 1.00968e+06
rel. change during last iteration : -3.03702e-09

degrees of freedom    (FIT_NDF)                        : 1000
rms of residuals      (FIT_STDFIT) = sqrt(WSSR/ndf)    : 31.7755
variance of residuals (reduced chisquare) = WSSR/ndf   : 1009.68

Final set of parameters            Asymptotic Standard Error
=======================            ==========================

n               = 3284.41          +/- 2.653        (0.08077%)
mu              = 303.175          +/- 0.005666     (0.001869%)
sigma           = 6.07261          +/- 0.005665     (0.09328%)


correlation matrix of the fit parameters:

               n      mu     sigma  
n               1.000 
mu              0.029  1.000 
sigma          -0.577 -0.025  1.000 


*******************************************************************************
Thu Oct 27 18:18:59 2011


FIT:    data read from './ha_6543_test_sorted' using 2:1
        format = x:z
        #datapoints = 1003
        residuals are weighted equally (unit weight)

function used for fitting: f(x)
fitted parameters initialized with current variable values



 Iteration 0
 WSSR        : 1.03256e+06       delta(WSSR)/WSSR   : 0
 delta(WSSR) : 0                 limit for stopping : 1e-05
 lambda	  : 161.799

initial set of free parameter values

n               = 3284
mu              = 303.2
sigma           = 6.064

After 4 iterations the fit converged.
final sum of squares of residuals : 1.00968e+06
rel. change during last iteration : -3.03702e-09

degrees of freedom    (FIT_NDF)                        : 1000
rms of residuals      (FIT_STDFIT) = sqrt(WSSR/ndf)    : 31.7755
variance of residuals (reduced chisquare) = WSSR/ndf   : 1009.68

Final set of parameters            Asymptotic Standard Error
=======================            ==========================

n               = 3284.41          +/- 2.653        (0.08077%)
mu              = 303.175          +/- 0.005666     (0.001869%)
sigma           = 6.07261          +/- 0.005665     (0.09328%)


correlation matrix of the fit parameters:

               n      mu     sigma  
n               1.000 
mu              0.029  1.000 
sigma          -0.577 -0.025  1.000 


*******************************************************************************
Thu Oct 27 18:19:11 2011


FIT:    data read from './ha_6543_test_sorted' using 2:1
        format = x:z
        #datapoints = 1003
        residuals are weighted equally (unit weight)

function used for fitting: f(x)
fitted parameters initialized with current variable values



 Iteration 0
 WSSR        : 1.03256e+06       delta(WSSR)/WSSR   : 0
 delta(WSSR) : 0                 limit for stopping : 1e-05
 lambda	  : 161.799

initial set of free parameter values

n               = 3284
mu              = 303.2
sigma           = 6.064

After 4 iterations the fit converged.
final sum of squares of residuals : 1.00968e+06
rel. change during last iteration : -3.03702e-09

degrees of freedom    (FIT_NDF)                        : 1000
rms of residuals      (FIT_STDFIT) = sqrt(WSSR/ndf)    : 31.7755
variance of residuals (reduced chisquare) = WSSR/ndf   : 1009.68

Final set of parameters            Asymptotic Standard Error
=======================            ==========================

n               = 3284.41          +/- 2.653        (0.08077%)
mu              = 303.175          +/- 0.005666     (0.001869%)
sigma           = 6.07261          +/- 0.005665     (0.09328%)


correlation matrix of the fit parameters:

               n      mu     sigma  
n               1.000 
mu              0.029  1.000 
sigma          -0.577 -0.025  1.000 


*******************************************************************************
Thu Oct 27 18:19:28 2011


FIT:    data read from './ha_6543_test_sorted' using 2:1
        format = x:z
        #datapoints = 1003
        residuals are weighted equally (unit weight)

function used for fitting: f(x)
fitted parameters initialized with current variable values



 Iteration 0
 WSSR        : 1.03256e+06       delta(WSSR)/WSSR   : 0
 delta(WSSR) : 0                 limit for stopping : 1e-05
 lambda	  : 161.799

initial set of free parameter values

n               = 3284
mu              = 303.2
sigma           = 6.064

After 4 iterations the fit converged.
final sum of squares of residuals : 1.00968e+06
rel. change during last iteration : -3.03702e-09

degrees of freedom    (FIT_NDF)                        : 1000
rms of residuals      (FIT_STDFIT) = sqrt(WSSR/ndf)    : 31.7755
variance of residuals (reduced chisquare) = WSSR/ndf   : 1009.68

Final set of parameters            Asymptotic Standard Error
=======================            ==========================

n               = 3284.41          +/- 2.653        (0.08077%)
mu              = 303.175          +/- 0.005666     (0.001869%)
sigma           = 6.07261          +/- 0.005665     (0.09328%)


correlation matrix of the fit parameters:

               n      mu     sigma  
n               1.000 
mu              0.029  1.000 
sigma          -0.577 -0.025  1.000 


*******************************************************************************
Thu Oct 27 18:19:47 2011


FIT:    data read from './ha_6543_test_sorted' using 2:1
        format = x:z
        #datapoints = 1003
        residuals are weighted equally (unit weight)

function used for fitting: f(x)
fitted parameters initialized with current variable values



 Iteration 0
 WSSR        : 1.03256e+06       delta(WSSR)/WSSR   : 0
 delta(WSSR) : 0                 limit for stopping : 1e-05
 lambda	  : 161.799

initial set of free parameter values

n               = 3284
mu              = 303.2
sigma           = 6.064

After 4 iterations the fit converged.
final sum of squares of residuals : 1.00968e+06
rel. change during last iteration : -3.03702e-09

degrees of freedom    (FIT_NDF)                        : 1000
rms of residuals      (FIT_STDFIT) = sqrt(WSSR/ndf)    : 31.7755
variance of residuals (reduced chisquare) = WSSR/ndf   : 1009.68

Final set of parameters            Asymptotic Standard Error
=======================            ==========================

n               = 3284.41          +/- 2.653        (0.08077%)
mu              = 303.175          +/- 0.005666     (0.001869%)
sigma           = 6.07261          +/- 0.005665     (0.09328%)


correlation matrix of the fit parameters:

               n      mu     sigma  
n               1.000 
mu              0.029  1.000 
sigma          -0.577 -0.025  1.000 


*******************************************************************************
Thu Oct 27 18:21:49 2011


FIT:    data read from './ha_6543_test_sorted' using 2:1
        format = x:z
        #datapoints = 1003
        residuals are weighted equally (unit weight)

function used for fitting: f(x)
fitted parameters initialized with current variable values



 Iteration 0
 WSSR        : 1.03256e+06       delta(WSSR)/WSSR   : 0
 delta(WSSR) : 0                 limit for stopping : 1e-05
 lambda	  : 161.799

initial set of free parameter values

n               = 3284
mu              = 303.2
sigma           = 6.064

After 4 iterations the fit converged.
final sum of squares of residuals : 1.00968e+06
rel. change during last iteration : -3.03702e-09

degrees of freedom    (FIT_NDF)                        : 1000
rms of residuals      (FIT_STDFIT) = sqrt(WSSR/ndf)    : 31.7755
variance of residuals (reduced chisquare) = WSSR/ndf   : 1009.68

Final set of parameters            Asymptotic Standard Error
=======================            ==========================

n               = 3284.41          +/- 2.653        (0.08077%)
mu              = 303.175          +/- 0.005666     (0.001869%)
sigma           = 6.07261          +/- 0.005665     (0.09328%)


correlation matrix of the fit parameters:

               n      mu     sigma  
n               1.000 
mu              0.029  1.000 
sigma          -0.577 -0.025  1.000 


*******************************************************************************
Thu Oct 27 18:22:37 2011


FIT:    data read from './ha_6543_test_sorted' using 2:1
        format = x:z
        #datapoints = 1003
        residuals are weighted equally (unit weight)

function used for fitting: f(x)
fitted parameters initialized with current variable values



 Iteration 0
 WSSR        : 1.03256e+06       delta(WSSR)/WSSR   : 0
 delta(WSSR) : 0                 limit for stopping : 1e-05
 lambda	  : 161.799

initial set of free parameter values

n               = 3284
mu              = 303.2
sigma           = 6.064

After 4 iterations the fit converged.
final sum of squares of residuals : 1.00968e+06
rel. change during last iteration : -3.03702e-09

degrees of freedom    (FIT_NDF)                        : 1000
rms of residuals      (FIT_STDFIT) = sqrt(WSSR/ndf)    : 31.7755
variance of residuals (reduced chisquare) = WSSR/ndf   : 1009.68

Final set of parameters            Asymptotic Standard Error
=======================            ==========================

n               = 3284.41          +/- 2.653        (0.08077%)
mu              = 303.175          +/- 0.005666     (0.001869%)
sigma           = 6.07261          +/- 0.005665     (0.09328%)


correlation matrix of the fit parameters:

               n      mu     sigma  
n               1.000 
mu              0.029  1.000 
sigma          -0.577 -0.025  1.000 
