This is pdfTeX, Version 3.1415926-1.40.10 (TeX Live 2009/Debian) (format=pdflatex 2011.4.5)  5 APR 2011 12:14
entering extended mode
 %&-line parsing enabled.
**NEAT_manual.tex
(./NEAT_manual.tex
LaTeX2e <2009/09/24>
Babel <v3.8l> and hyphenation patterns for english, usenglishmax, dumylang, noh
yphenation, loaded.
(/usr/share/texmf-texlive/tex/latex/base/article.cls
Document Class: article 2007/10/19 v1.4h Standard LaTeX document class
(/usr/share/texmf-texlive/tex/latex/base/size11.clo
File: size11.clo 2007/10/19 v1.4h Standard LaTeX file (size option)
)
\c@part=\count79
\c@section=\count80
\c@subsection=\count81
\c@subsubsection=\count82
\c@paragraph=\count83
\c@subparagraph=\count84
\c@figure=\count85
\c@table=\count86
\abovecaptionskip=\skip41
\belowcaptionskip=\skip42
\bibindent=\dimen102
) (./NEAT_manual.aux)
\openout1 = `NEAT_manual.aux'.

LaTeX Font Info:    Checking defaults for OML/cmm/m/it on input line 3.
LaTeX Font Info:    ... okay on input line 3.
LaTeX Font Info:    Checking defaults for T1/cmr/m/n on input line 3.
LaTeX Font Info:    ... okay on input line 3.
LaTeX Font Info:    Checking defaults for OT1/cmr/m/n on input line 3.
LaTeX Font Info:    ... okay on input line 3.
LaTeX Font Info:    Checking defaults for OMS/cmsy/m/n on input line 3.
LaTeX Font Info:    ... okay on input line 3.
LaTeX Font Info:    Checking defaults for OMX/cmex/m/n on input line 3.
LaTeX Font Info:    ... okay on input line 3.
LaTeX Font Info:    Checking defaults for U/cmr/m/n on input line 3.
LaTeX Font Info:    ... okay on input line 3.

[1

{/var/lib/texmf/fonts/map/pdftex/updmap/pdftex.map}]
Overfull \hbox (43.20377pt too wide) in paragraph at lines 21--22
\OT1/cmr/m/n/10.95 The for-tran 90 source code is avail-able from http://github
.com/worldtraveller/NEAT.
 []


Overfull \hbox (133.47762pt too wide) in paragraph at lines 23--24
[]\OT1/cmr/m/n/10.95 You will also need the rel-e-vant atomic data, avail-able 
from http://github.com/worldtraveller/Atomic-
 []

[2] [3] (./NEAT_manual.aux) ) 
Here is how much of TeX's memory you used:
 215 strings out of 495061
 2347 string characters out of 1182622
 50189 words of memory out of 3000000
 3474 multiletter control sequences out of 15000+50000
 5916 words of font info for 22 fonts, out of 3000000 for 9000
 28 hyphenation exceptions out of 8191
 21i,5n,19p,556b,110s stack positions out of 5000i,500n,10000p,200000b,50000s
</usr/share/texmf-texlive/fonts/type1/public/amsfo
nts/cm/cmbx12.pfb></usr/share/texmf-texlive/fonts/type1/public/amsfonts/cm/cmr1
0.pfb></usr/share/texmf-texlive/fonts/type1/public/amsfonts/cm/cmr12.pfb></usr/
share/texmf-texlive/fonts/type1/public/amsfonts/cm/cmr17.pfb></usr/share/texmf-
texlive/fonts/type1/public/amsfonts/cm/cmtt10.pfb>
Output written on NEAT_manual.pdf (3 pages, 69727 bytes).
PDF statistics:
 32 PDF objects out of 1000 (max. 8388607)
 0 named destinations out of 1000 (max. 500000)
 1 words of extra memory for PDF output out of 10000 (max. 10000000)

